[32m2024-04-08 11:49:43 -0400[0m - dagster - [34mDEBUG[0m - __ASSET_JOB - 62da0356-0b36-48fc-acec-9d7a9da933cb - 1346320 - LOGS_CAPTURED - Started capturing logs in process (pid: 1346320).
[32m2024-04-08 11:49:43 -0400[0m - dagster - [34mDEBUG[0m - __ASSET_JOB - 62da0356-0b36-48fc-acec-9d7a9da933cb - 1346320 - dbt_project_dbt_assets - STEP_START - Started execution of step "dbt_project_dbt_assets".
[32m2024-04-08 11:49:44 -0400[0m - dagster - [34mINFO[0m - __ASSET_JOB - 62da0356-0b36-48fc-acec-9d7a9da933cb - dbt_project_dbt_assets - A dbt subsetted execution is being performed. Overriding default dbt selection arguments `['--select', 'fqn:*']` with arguments: `['fqn:dbt_project.marts.product_popularity', 'fqn:dbt_project.marts.shipping_patterns']`. 
[32m2024-04-08 11:49:44 -0400[0m - dagster - [34mINFO[0m - __ASSET_JOB - 62da0356-0b36-48fc-acec-9d7a9da933cb - dbt_project_dbt_assets - Copying `/home/blackitalian/ds_projects/oaken-spirits/src/production/analytics/dbt_project/target/partial_parse.msgpack` to `/home/blackitalian/ds_projects/oaken-spirits/src/production/analytics/dbt_project/target/dbt_project_dbt_assets-62da035-7383bef/partial_parse.msgpack` to take advantage of partial parsing.
[32m2024-04-08 11:49:44 -0400[0m - dagster - [34mINFO[0m - __ASSET_JOB - 62da0356-0b36-48fc-acec-9d7a9da933cb - dbt_project_dbt_assets - Running dbt command: `dbt build --select fqn:dbt_project.marts.product_popularity fqn:dbt_project.marts.shipping_patterns`.
[32m2024-04-08 11:49:49 -0400[0m - dagster - [34mDEBUG[0m - __ASSET_JOB - 62da0356-0b36-48fc-acec-9d7a9da933cb - 1346320 - dbt_project_dbt_assets - STEP_OUTPUT - Yielded output "model_dbt_project_product_popularity" of type "Nothing". (Type check passed).
[32m2024-04-08 11:49:49 -0400[0m - dagster - [34mDEBUG[0m - __ASSET_JOB - 62da0356-0b36-48fc-acec-9d7a9da933cb - 1346320 - dbt_project_dbt_assets - ASSET_MATERIALIZATION - Materialized value product_popularity.
[32m2024-04-08 11:49:51 -0400[0m - dagster - [34mINFO[0m - __ASSET_JOB - 62da0356-0b36-48fc-acec-9d7a9da933cb - dbt_project_dbt_assets - Finished dbt command: `dbt build --select fqn:dbt_project.marts.product_popularity fqn:dbt_project.marts.shipping_patterns`.
[32m2024-04-08 11:49:51 -0400[0m - dagster - [34mERROR[0m - [31m__ASSET_JOB - 62da0356-0b36-48fc-acec-9d7a9da933cb - 1346320 - dbt_project_dbt_assets - STEP_FAILURE - Execution of step "dbt_project_dbt_assets" failed.

dagster_dbt.errors.DagsterDbtCliRuntimeError: The dbt CLI process with command

`dbt build --select fqn:dbt_project.marts.product_popularity fqn:dbt_project.marts.shipping_patterns`

failed with exit code `1`. Check the stdout in the Dagster compute logs for the full information about the error, or view the dbt debug log: /home/blackitalian/ds_projects/oaken-spirits/src/production/analytics/dbt_project/target/dbt_project_dbt_assets-62da035-7383bef/dbt.log.

Errors parsed from dbt logs:

BigQuery adapter: https://console.cloud.google.com/bigquery?project=elaborate-art-318223&j=bq:US:a0c5d6ae-278e-46b4-8a0a-b53ea0d99906&page=queryresults

  Database Error in model shipping_patterns (models/marts/shipping_patterns.sql)
  Name StoreNumber not found inside s at [35:27]
  compiled Code at target/dbt_project_dbt_assets-62da035-7383bef/run/dbt_project/models/marts/shipping_patterns.sql

Stack Trace:
  File "/home/blackitalian/miniconda3/envs/oaken/lib/python3.11/site-packages/dagster/_core/execution/plan/execute_plan.py", line 282, in dagster_event_sequence_for_step
    for step_event in check.generator(step_events):
  File "/home/blackitalian/miniconda3/envs/oaken/lib/python3.11/site-packages/dagster/_core/execution/plan/execute_step.py", line 521, in core_dagster_event_sequence_for_step
    for user_event in _step_output_error_checked_user_event_sequence(
  File "/home/blackitalian/miniconda3/envs/oaken/lib/python3.11/site-packages/dagster/_core/execution/plan/execute_step.py", line 202, in _step_output_error_checked_user_event_sequence
    for user_event in user_event_sequence:
  File "/home/blackitalian/miniconda3/envs/oaken/lib/python3.11/site-packages/dagster/_core/execution/plan/execute_step.py", line 100, in _process_asset_results_to_events
    for user_event in user_event_sequence:
  File "/home/blackitalian/miniconda3/envs/oaken/lib/python3.11/site-packages/dagster/_core/execution/plan/compute.py", line 208, in execute_core_compute
    for step_output in _yield_compute_results(step_context, inputs, compute_fn, compute_context):
  File "/home/blackitalian/miniconda3/envs/oaken/lib/python3.11/site-packages/dagster/_core/execution/plan/compute.py", line 177, in _yield_compute_results
    for event in iterate_with_context(
  File "/home/blackitalian/miniconda3/envs/oaken/lib/python3.11/site-packages/dagster/_utils/__init__.py", line 464, in iterate_with_context
    next_output = next(iterator)
                  ^^^^^^^^^^^^^^
  File "/home/blackitalian/ds_projects/oaken-spirits/src/production/analytics/orchestration/orchestration/assets.py", line 10, in dbt_project_dbt_assets
    yield from dbt.cli(["build"], context=context).stream()
  File "/home/blackitalian/miniconda3/envs/oaken/lib/python3.11/site-packages/dagster_dbt/core/resources_v2.py", line 635, in stream
    for event in self.stream_raw_events():
  File "/home/blackitalian/miniconda3/envs/oaken/lib/python3.11/site-packages/dagster_dbt/core/resources_v2.py", line 696, in stream_raw_events
    self._raise_on_error()
  File "/home/blackitalian/miniconda3/envs/oaken/lib/python3.11/site-packages/dagster_dbt/core/resources_v2.py", line 786, in _raise_on_error
    raise DagsterDbtCliRuntimeError(
[0m
