[32m2024-04-15 15:11:54 -0400[0m - dagster - [34mDEBUG[0m - __ASSET_JOB - 1707a877-5790-4dd1-96c4-53bf14531251 - 24064 - LOGS_CAPTURED - Started capturing logs in process (pid: 24064).
[32m2024-04-15 15:11:54 -0400[0m - dagster - [34mDEBUG[0m - __ASSET_JOB - 1707a877-5790-4dd1-96c4-53bf14531251 - 24064 - dbt_project_dbt_assets - STEP_START - Started execution of step "dbt_project_dbt_assets".
[32m2024-04-15 15:11:54 -0400[0m - dagster - [34mINFO[0m - __ASSET_JOB - 1707a877-5790-4dd1-96c4-53bf14531251 - dbt_project_dbt_assets - A dbt subsetted execution is not being performed. Using the default dbt selection arguments `['--select', 'fqn:*']`.
[32m2024-04-15 15:11:54 -0400[0m - dagster - [34mINFO[0m - __ASSET_JOB - 1707a877-5790-4dd1-96c4-53bf14531251 - dbt_project_dbt_assets - Copying `/home/blackitalian/ds_projects/oaken-spirits/src/production/analytics/dbt_project/target/partial_parse.msgpack` to `/home/blackitalian/ds_projects/oaken-spirits/src/production/analytics/dbt_project/target/dbt_project_dbt_assets-1707a87-166e1f1/partial_parse.msgpack` to take advantage of partial parsing.
[32m2024-04-15 15:11:54 -0400[0m - dagster - [34mINFO[0m - __ASSET_JOB - 1707a877-5790-4dd1-96c4-53bf14531251 - dbt_project_dbt_assets - Running dbt command: `dbt build --select fqn:*`.
[32m2024-04-15 15:12:00 -0400[0m - dagster - [34mDEBUG[0m - __ASSET_JOB - 1707a877-5790-4dd1-96c4-53bf14531251 - 24064 - dbt_project_dbt_assets - STEP_OUTPUT - Yielded output "model_dbt_project_stg_category" of type "Nothing". (Type check passed).
[32m2024-04-15 15:12:00 -0400[0m - dagster - [34mDEBUG[0m - __ASSET_JOB - 1707a877-5790-4dd1-96c4-53bf14531251 - 24064 - dbt_project_dbt_assets - ASSET_MATERIALIZATION - Materialized value stg_category.
[32m2024-04-15 15:12:01 -0400[0m - dagster - [34mDEBUG[0m - __ASSET_JOB - 1707a877-5790-4dd1-96c4-53bf14531251 - 24064 - dbt_project_dbt_assets - STEP_OUTPUT - Yielded output "model_dbt_project_stg_customer" of type "Nothing". (Type check passed).
[32m2024-04-15 15:12:01 -0400[0m - dagster - [34mDEBUG[0m - __ASSET_JOB - 1707a877-5790-4dd1-96c4-53bf14531251 - 24064 - dbt_project_dbt_assets - ASSET_MATERIALIZATION - Materialized value stg_customer.
[32m2024-04-15 15:12:02 -0400[0m - dagster - [34mDEBUG[0m - __ASSET_JOB - 1707a877-5790-4dd1-96c4-53bf14531251 - 24064 - dbt_project_dbt_assets - STEP_OUTPUT - Yielded output "model_dbt_project_stg_product" of type "Nothing". (Type check passed).
[32m2024-04-15 15:12:02 -0400[0m - dagster - [34mDEBUG[0m - __ASSET_JOB - 1707a877-5790-4dd1-96c4-53bf14531251 - 24064 - dbt_project_dbt_assets - ASSET_MATERIALIZATION - Materialized value stg_product.
[32m2024-04-15 15:12:03 -0400[0m - dagster - [34mDEBUG[0m - __ASSET_JOB - 1707a877-5790-4dd1-96c4-53bf14531251 - 24064 - dbt_project_dbt_assets - STEP_OUTPUT - Yielded output "model_dbt_project_stg_sales" of type "Nothing". (Type check passed).
[32m2024-04-15 15:12:03 -0400[0m - dagster - [34mDEBUG[0m - __ASSET_JOB - 1707a877-5790-4dd1-96c4-53bf14531251 - 24064 - dbt_project_dbt_assets - ASSET_MATERIALIZATION - Materialized value stg_sales.
[32m2024-04-15 15:12:04 -0400[0m - dagster - [34mDEBUG[0m - __ASSET_JOB - 1707a877-5790-4dd1-96c4-53bf14531251 - 24064 - dbt_project_dbt_assets - STEP_OUTPUT - Yielded output "model_dbt_project_stg_vendor" of type "Nothing". (Type check passed).
[32m2024-04-15 15:12:04 -0400[0m - dagster - [34mDEBUG[0m - __ASSET_JOB - 1707a877-5790-4dd1-96c4-53bf14531251 - 24064 - dbt_project_dbt_assets - ASSET_MATERIALIZATION - Materialized value stg_vendor.
[32m2024-04-15 15:12:05 -0400[0m - dagster - [34mDEBUG[0m - __ASSET_JOB - 1707a877-5790-4dd1-96c4-53bf14531251 - 24064 - dbt_project_dbt_assets - STEP_OUTPUT - Yielded output "model_dbt_project_product_popularity" of type "Nothing". (Type check passed).
[32m2024-04-15 15:12:05 -0400[0m - dagster - [34mDEBUG[0m - __ASSET_JOB - 1707a877-5790-4dd1-96c4-53bf14531251 - 24064 - dbt_project_dbt_assets - ASSET_MATERIALIZATION - Materialized value product_popularity.
[32m2024-04-15 15:12:06 -0400[0m - dagster - [34mDEBUG[0m - __ASSET_JOB - 1707a877-5790-4dd1-96c4-53bf14531251 - 24064 - dbt_project_dbt_assets - STEP_OUTPUT - Yielded output "model_dbt_project_sales_forecast_historical" of type "Nothing". (Type check passed).
[32m2024-04-15 15:12:06 -0400[0m - dagster - [34mDEBUG[0m - __ASSET_JOB - 1707a877-5790-4dd1-96c4-53bf14531251 - 24064 - dbt_project_dbt_assets - ASSET_MATERIALIZATION - Materialized value sales_forecast_historical.
[32m2024-04-15 15:12:08 -0400[0m - dagster - [34mDEBUG[0m - __ASSET_JOB - 1707a877-5790-4dd1-96c4-53bf14531251 - 24064 - dbt_project_dbt_assets - STEP_OUTPUT - Yielded output "model_dbt_project_top_ten_categories" of type "Nothing". (Type check passed).
[32m2024-04-15 15:12:08 -0400[0m - dagster - [34mDEBUG[0m - __ASSET_JOB - 1707a877-5790-4dd1-96c4-53bf14531251 - 24064 - dbt_project_dbt_assets - ASSET_MATERIALIZATION - Materialized value top_ten_categories.
[32m2024-04-15 15:12:09 -0400[0m - dagster - [34mDEBUG[0m - __ASSET_JOB - 1707a877-5790-4dd1-96c4-53bf14531251 - 24064 - dbt_project_dbt_assets - STEP_OUTPUT - Yielded output "model_dbt_project_top_ten_items" of type "Nothing". (Type check passed).
[32m2024-04-15 15:12:09 -0400[0m - dagster - [34mDEBUG[0m - __ASSET_JOB - 1707a877-5790-4dd1-96c4-53bf14531251 - 24064 - dbt_project_dbt_assets - ASSET_MATERIALIZATION - Materialized value top_ten_items.
[32m2024-04-15 15:12:10 -0400[0m - dagster - [34mDEBUG[0m - __ASSET_JOB - 1707a877-5790-4dd1-96c4-53bf14531251 - 24064 - dbt_project_dbt_assets - STEP_OUTPUT - Yielded output "model_dbt_project_full_sales" of type "Nothing". (Type check passed).
[32m2024-04-15 15:12:10 -0400[0m - dagster - [34mDEBUG[0m - __ASSET_JOB - 1707a877-5790-4dd1-96c4-53bf14531251 - 24064 - dbt_project_dbt_assets - ASSET_MATERIALIZATION - Materialized value full_sales.
[32m2024-04-15 15:12:11 -0400[0m - dagster - [34mDEBUG[0m - __ASSET_JOB - 1707a877-5790-4dd1-96c4-53bf14531251 - 24064 - dbt_project_dbt_assets - STEP_OUTPUT - Yielded output "model_dbt_project_shipping_patterns" of type "Nothing". (Type check passed).
[32m2024-04-15 15:12:11 -0400[0m - dagster - [34mDEBUG[0m - __ASSET_JOB - 1707a877-5790-4dd1-96c4-53bf14531251 - 24064 - dbt_project_dbt_assets - ASSET_MATERIALIZATION - Materialized value shipping_patterns.
[32m2024-04-15 15:12:12 -0400[0m - dagster - [34mINFO[0m - __ASSET_JOB - 1707a877-5790-4dd1-96c4-53bf14531251 - dbt_project_dbt_assets - Finished dbt command: `dbt build --select fqn:*`.
[32m2024-04-15 15:12:12 -0400[0m - dagster - [34mDEBUG[0m - __ASSET_JOB - 1707a877-5790-4dd1-96c4-53bf14531251 - 24064 - dbt_project_dbt_assets - STEP_SUCCESS - Finished execution of step "dbt_project_dbt_assets" in 17.46s.
