Running with dbt=1.7.11
Registered adapter: bigquery=1.7.7
Found 11 models, 5 sources, 0 exposures, 0 metrics, 454 macros, 0 groups, 0 semantic models

Concurrency: 1 threads (target='dev')

1 of 11 START sql view model oaken_transformed.stg_category .................... [RUN]
1 of 11 OK created sql view model oaken_transformed.stg_category ............... [[32mCREATE VIEW (0 processed)[0m in 1.38s]
2 of 11 START sql view model oaken_transformed.stg_customer .................... [RUN]
2 of 11 OK created sql view model oaken_transformed.stg_customer ............... [[32mCREATE VIEW (0 processed)[0m in 1.14s]
3 of 11 START sql view model oaken_transformed.stg_product ..................... [RUN]
3 of 11 OK created sql view model oaken_transformed.stg_product ................ [[32mCREATE VIEW (0 processed)[0m in 1.04s]
4 of 11 START sql view model oaken_transformed.stg_sales ....................... [RUN]
4 of 11 OK created sql view model oaken_transformed.stg_sales .................. [[32mCREATE VIEW (0 processed)[0m in 1.13s]
5 of 11 START sql view model oaken_transformed.stg_vendor ...................... [RUN]
5 of 11 OK created sql view model oaken_transformed.stg_vendor ................. [[32mCREATE VIEW (0 processed)[0m in 1.06s]
6 of 11 START sql view model oaken_transformed.product_popularity .............. [RUN]
6 of 11 OK created sql view model oaken_transformed.product_popularity ......... [[32mCREATE VIEW (0 processed)[0m in 1.25s]
7 of 11 START sql view model oaken_transformed.sales_forecast_historical ....... [RUN]
7 of 11 OK created sql view model oaken_transformed.sales_forecast_historical .. [[32mCREATE VIEW (0 processed)[0m in 1.09s]
8 of 11 START sql view model oaken_transformed.top_ten_categories .............. [RUN]
8 of 11 OK created sql view model oaken_transformed.top_ten_categories ......... [[32mCREATE VIEW (0 processed)[0m in 1.23s]
9 of 11 START sql view model oaken_transformed.top_ten_items ................... [RUN]
9 of 11 OK created sql view model oaken_transformed.top_ten_items .............. [[32mCREATE VIEW (0 processed)[0m in 1.21s]
10 of 11 START sql view model oaken_transformed.full_sales ..................... [RUN]
10 of 11 OK created sql view model oaken_transformed.full_sales ................ [[32mCREATE VIEW (0 processed)[0m in 1.11s]
11 of 11 START sql view model oaken_transformed.shipping_patterns .............. [RUN]
11 of 11 OK created sql view model oaken_transformed.shipping_patterns ......... [[32mCREATE VIEW (0 processed)[0m in 1.18s]

Finished running 11 view models in 0 hours 0 minutes and 13.95 seconds (13.95s).

[32mCompleted successfully[0m

Done. PASS=11 WARN=0 ERROR=0 SKIP=0 TOTAL=11
