[32m2024-04-18 07:13:23 -0400[0m - dagster - [34mDEBUG[0m - __ASSET_JOB - 111c88ca-43dd-46eb-88f2-beba489e608e - 45204 - LOGS_CAPTURED - Started capturing logs in process (pid: 45204).
[32m2024-04-18 07:13:23 -0400[0m - dagster - [34mDEBUG[0m - __ASSET_JOB - 111c88ca-43dd-46eb-88f2-beba489e608e - 45204 - dbt_project_dbt_assets - STEP_START - Started execution of step "dbt_project_dbt_assets".
[32m2024-04-18 07:13:23 -0400[0m - dagster - [34mINFO[0m - __ASSET_JOB - 111c88ca-43dd-46eb-88f2-beba489e608e - dbt_project_dbt_assets - A dbt subsetted execution is not being performed. Using the default dbt selection arguments `['--select', 'fqn:*']`.
[32m2024-04-18 07:13:23 -0400[0m - dagster - [34mINFO[0m - __ASSET_JOB - 111c88ca-43dd-46eb-88f2-beba489e608e - dbt_project_dbt_assets - Copying `/home/blackitalian/ds_projects/oaken-spirits/src/production/analytics/dbt_project/target/partial_parse.msgpack` to `/home/blackitalian/ds_projects/oaken-spirits/src/production/analytics/dbt_project/target/dbt_project_dbt_assets-111c88c-98f6471/partial_parse.msgpack` to take advantage of partial parsing.
[32m2024-04-18 07:13:23 -0400[0m - dagster - [34mINFO[0m - __ASSET_JOB - 111c88ca-43dd-46eb-88f2-beba489e608e - dbt_project_dbt_assets - Running dbt command: `dbt build --select fqn:*`.
[32m2024-04-18 07:13:27 -0400[0m - dagster - [34mDEBUG[0m - __ASSET_JOB - 111c88ca-43dd-46eb-88f2-beba489e608e - 45204 - dbt_project_dbt_assets - STEP_OUTPUT - Yielded output "model_dbt_project_stg_category" of type "Nothing". (Type check passed).
[32m2024-04-18 07:13:28 -0400[0m - dagster - [34mDEBUG[0m - __ASSET_JOB - 111c88ca-43dd-46eb-88f2-beba489e608e - 45204 - dbt_project_dbt_assets - ASSET_MATERIALIZATION - Materialized value stg_category.
[32m2024-04-18 07:13:28 -0400[0m - dagster - [34mDEBUG[0m - __ASSET_JOB - 111c88ca-43dd-46eb-88f2-beba489e608e - 45204 - dbt_project_dbt_assets - STEP_OUTPUT - Yielded output "model_dbt_project_stg_customer" of type "Nothing". (Type check passed).
[32m2024-04-18 07:13:29 -0400[0m - dagster - [34mDEBUG[0m - __ASSET_JOB - 111c88ca-43dd-46eb-88f2-beba489e608e - 45204 - dbt_project_dbt_assets - ASSET_MATERIALIZATION - Materialized value stg_customer.
[32m2024-04-18 07:13:29 -0400[0m - dagster - [34mDEBUG[0m - __ASSET_JOB - 111c88ca-43dd-46eb-88f2-beba489e608e - 45204 - dbt_project_dbt_assets - STEP_OUTPUT - Yielded output "model_dbt_project_stg_product" of type "Nothing". (Type check passed).
[32m2024-04-18 07:13:30 -0400[0m - dagster - [34mDEBUG[0m - __ASSET_JOB - 111c88ca-43dd-46eb-88f2-beba489e608e - 45204 - dbt_project_dbt_assets - ASSET_MATERIALIZATION - Materialized value stg_product.
[32m2024-04-18 07:13:30 -0400[0m - dagster - [34mDEBUG[0m - __ASSET_JOB - 111c88ca-43dd-46eb-88f2-beba489e608e - 45204 - dbt_project_dbt_assets - STEP_OUTPUT - Yielded output "model_dbt_project_stg_sales" of type "Nothing". (Type check passed).
[32m2024-04-18 07:13:30 -0400[0m - dagster - [34mDEBUG[0m - __ASSET_JOB - 111c88ca-43dd-46eb-88f2-beba489e608e - 45204 - dbt_project_dbt_assets - ASSET_MATERIALIZATION - Materialized value stg_sales.
[32m2024-04-18 07:13:31 -0400[0m - dagster - [34mDEBUG[0m - __ASSET_JOB - 111c88ca-43dd-46eb-88f2-beba489e608e - 45204 - dbt_project_dbt_assets - STEP_OUTPUT - Yielded output "model_dbt_project_stg_vendor" of type "Nothing". (Type check passed).
[32m2024-04-18 07:13:31 -0400[0m - dagster - [34mDEBUG[0m - __ASSET_JOB - 111c88ca-43dd-46eb-88f2-beba489e608e - 45204 - dbt_project_dbt_assets - ASSET_MATERIALIZATION - Materialized value stg_vendor.
[32m2024-04-18 07:13:32 -0400[0m - dagster - [34mDEBUG[0m - __ASSET_JOB - 111c88ca-43dd-46eb-88f2-beba489e608e - 45204 - dbt_project_dbt_assets - STEP_OUTPUT - Yielded output "model_dbt_project_product_popularity" of type "Nothing". (Type check passed).
[32m2024-04-18 07:13:32 -0400[0m - dagster - [34mDEBUG[0m - __ASSET_JOB - 111c88ca-43dd-46eb-88f2-beba489e608e - 45204 - dbt_project_dbt_assets - ASSET_MATERIALIZATION - Materialized value product_popularity.
[32m2024-04-18 07:13:33 -0400[0m - dagster - [34mDEBUG[0m - __ASSET_JOB - 111c88ca-43dd-46eb-88f2-beba489e608e - 45204 - dbt_project_dbt_assets - STEP_OUTPUT - Yielded output "model_dbt_project_sales_forecast_historical" of type "Nothing". (Type check passed).
[32m2024-04-18 07:13:33 -0400[0m - dagster - [34mDEBUG[0m - __ASSET_JOB - 111c88ca-43dd-46eb-88f2-beba489e608e - 45204 - dbt_project_dbt_assets - ASSET_MATERIALIZATION - Materialized value sales_forecast_historical.
[32m2024-04-18 07:13:34 -0400[0m - dagster - [34mDEBUG[0m - __ASSET_JOB - 111c88ca-43dd-46eb-88f2-beba489e608e - 45204 - dbt_project_dbt_assets - STEP_OUTPUT - Yielded output "model_dbt_project_top_ten_categories" of type "Nothing". (Type check passed).
[32m2024-04-18 07:13:35 -0400[0m - dagster - [34mDEBUG[0m - __ASSET_JOB - 111c88ca-43dd-46eb-88f2-beba489e608e - 45204 - dbt_project_dbt_assets - ASSET_MATERIALIZATION - Materialized value top_ten_categories.
[32m2024-04-18 07:13:35 -0400[0m - dagster - [34mDEBUG[0m - __ASSET_JOB - 111c88ca-43dd-46eb-88f2-beba489e608e - 45204 - dbt_project_dbt_assets - STEP_OUTPUT - Yielded output "model_dbt_project_top_ten_items" of type "Nothing". (Type check passed).
[32m2024-04-18 07:13:36 -0400[0m - dagster - [34mDEBUG[0m - __ASSET_JOB - 111c88ca-43dd-46eb-88f2-beba489e608e - 45204 - dbt_project_dbt_assets - ASSET_MATERIALIZATION - Materialized value top_ten_items.
[32m2024-04-18 07:13:43 -0400[0m - dagster - [34mDEBUG[0m - __ASSET_JOB - 111c88ca-43dd-46eb-88f2-beba489e608e - 45204 - dbt_project_dbt_assets - STEP_OUTPUT - Yielded output "model_dbt_project_full_sales" of type "Nothing". (Type check passed).
[32m2024-04-18 07:13:43 -0400[0m - dagster - [34mDEBUG[0m - __ASSET_JOB - 111c88ca-43dd-46eb-88f2-beba489e608e - 45204 - dbt_project_dbt_assets - ASSET_MATERIALIZATION - Materialized value full_sales.
[32m2024-04-18 07:13:44 -0400[0m - dagster - [34mDEBUG[0m - __ASSET_JOB - 111c88ca-43dd-46eb-88f2-beba489e608e - 45204 - dbt_project_dbt_assets - STEP_OUTPUT - Yielded output "model_dbt_project_shipping_patterns" of type "Nothing". (Type check passed).
[32m2024-04-18 07:13:44 -0400[0m - dagster - [34mDEBUG[0m - __ASSET_JOB - 111c88ca-43dd-46eb-88f2-beba489e608e - 45204 - dbt_project_dbt_assets - ASSET_MATERIALIZATION - Materialized value shipping_patterns.
[32m2024-04-18 07:13:45 -0400[0m - dagster - [34mINFO[0m - __ASSET_JOB - 111c88ca-43dd-46eb-88f2-beba489e608e - dbt_project_dbt_assets - Finished dbt command: `dbt build --select fqn:*`.
[32m2024-04-18 07:13:45 -0400[0m - dagster - [34mDEBUG[0m - __ASSET_JOB - 111c88ca-43dd-46eb-88f2-beba489e608e - 45204 - dbt_project_dbt_assets - STEP_SUCCESS - Finished execution of step "dbt_project_dbt_assets" in 21.34s.
