[32m2024-04-08 11:12:30 -0400[0m - dagster - [34mDEBUG[0m - __ASSET_JOB - e900b3b9-153e-43b9-80ca-8c0407682a73 - 1233171 - LOGS_CAPTURED - Started capturing logs in process (pid: 1233171).
[32m2024-04-08 11:12:30 -0400[0m - dagster - [34mDEBUG[0m - __ASSET_JOB - e900b3b9-153e-43b9-80ca-8c0407682a73 - 1233171 - dbt_project_dbt_assets - STEP_START - Started execution of step "dbt_project_dbt_assets".
[32m2024-04-08 11:12:31 -0400[0m - dagster - [34mINFO[0m - __ASSET_JOB - e900b3b9-153e-43b9-80ca-8c0407682a73 - dbt_project_dbt_assets - A dbt subsetted execution is not being performed. Using the default dbt selection arguments `['--select', 'fqn:*']`.
[32m2024-04-08 11:12:31 -0400[0m - dagster - [34mINFO[0m - __ASSET_JOB - e900b3b9-153e-43b9-80ca-8c0407682a73 - dbt_project_dbt_assets - Copying `/home/blackitalian/ds_projects/oaken-spirits/src/production/analytics/dbt_project/target/partial_parse.msgpack` to `/home/blackitalian/ds_projects/oaken-spirits/src/production/analytics/dbt_project/target/dbt_project_dbt_assets-e900b3b-237aeea/partial_parse.msgpack` to take advantage of partial parsing.
[32m2024-04-08 11:12:31 -0400[0m - dagster - [34mINFO[0m - __ASSET_JOB - e900b3b9-153e-43b9-80ca-8c0407682a73 - dbt_project_dbt_assets - Running dbt command: `dbt build --select fqn:*`.
[32m2024-04-08 11:12:35 -0400[0m - dagster - [34mDEBUG[0m - __ASSET_JOB - e900b3b9-153e-43b9-80ca-8c0407682a73 - 1233171 - dbt_project_dbt_assets - STEP_OUTPUT - Yielded output "model_dbt_project_stg_category" of type "Nothing". (Type check passed).
[32m2024-04-08 11:12:36 -0400[0m - dagster - [34mDEBUG[0m - __ASSET_JOB - e900b3b9-153e-43b9-80ca-8c0407682a73 - 1233171 - dbt_project_dbt_assets - ASSET_MATERIALIZATION - Materialized value stg_category.
[32m2024-04-08 11:12:36 -0400[0m - dagster - [34mDEBUG[0m - __ASSET_JOB - e900b3b9-153e-43b9-80ca-8c0407682a73 - 1233171 - dbt_project_dbt_assets - STEP_OUTPUT - Yielded output "model_dbt_project_stg_customer" of type "Nothing". (Type check passed).
[32m2024-04-08 11:12:37 -0400[0m - dagster - [34mDEBUG[0m - __ASSET_JOB - e900b3b9-153e-43b9-80ca-8c0407682a73 - 1233171 - dbt_project_dbt_assets - ASSET_MATERIALIZATION - Materialized value stg_customer.
[32m2024-04-08 11:12:37 -0400[0m - dagster - [34mDEBUG[0m - __ASSET_JOB - e900b3b9-153e-43b9-80ca-8c0407682a73 - 1233171 - dbt_project_dbt_assets - STEP_OUTPUT - Yielded output "model_dbt_project_stg_product" of type "Nothing". (Type check passed).
[32m2024-04-08 11:12:38 -0400[0m - dagster - [34mDEBUG[0m - __ASSET_JOB - e900b3b9-153e-43b9-80ca-8c0407682a73 - 1233171 - dbt_project_dbt_assets - ASSET_MATERIALIZATION - Materialized value stg_product.
[32m2024-04-08 11:12:38 -0400[0m - dagster - [34mDEBUG[0m - __ASSET_JOB - e900b3b9-153e-43b9-80ca-8c0407682a73 - 1233171 - dbt_project_dbt_assets - STEP_OUTPUT - Yielded output "model_dbt_project_stg_sales" of type "Nothing". (Type check passed).
[32m2024-04-08 11:12:39 -0400[0m - dagster - [34mDEBUG[0m - __ASSET_JOB - e900b3b9-153e-43b9-80ca-8c0407682a73 - 1233171 - dbt_project_dbt_assets - ASSET_MATERIALIZATION - Materialized value stg_sales.
[32m2024-04-08 11:12:39 -0400[0m - dagster - [34mDEBUG[0m - __ASSET_JOB - e900b3b9-153e-43b9-80ca-8c0407682a73 - 1233171 - dbt_project_dbt_assets - STEP_OUTPUT - Yielded output "model_dbt_project_stg_vendor" of type "Nothing". (Type check passed).
[32m2024-04-08 11:12:40 -0400[0m - dagster - [34mDEBUG[0m - __ASSET_JOB - e900b3b9-153e-43b9-80ca-8c0407682a73 - 1233171 - dbt_project_dbt_assets - ASSET_MATERIALIZATION - Materialized value stg_vendor.
[32m2024-04-08 11:12:42 -0400[0m - dagster - [34mINFO[0m - __ASSET_JOB - e900b3b9-153e-43b9-80ca-8c0407682a73 - dbt_project_dbt_assets - Finished dbt command: `dbt build --select fqn:*`.
[32m2024-04-08 11:12:42 -0400[0m - dagster - [34mERROR[0m - [31m__ASSET_JOB - e900b3b9-153e-43b9-80ca-8c0407682a73 - 1233171 - dbt_project_dbt_assets - STEP_FAILURE - Execution of step "dbt_project_dbt_assets" failed.

dagster_dbt.errors.DagsterDbtCliRuntimeError: The dbt CLI process with command

`dbt build --select fqn:*`

failed with exit code `1`. Check the stdout in the Dagster compute logs for the full information about the error, or view the dbt debug log: /home/blackitalian/ds_projects/oaken-spirits/src/production/analytics/dbt_project/target/dbt_project_dbt_assets-e900b3b-237aeea/dbt.log.

Errors parsed from dbt logs:

BigQuery adapter: https://console.cloud.google.com/bigquery?project=elaborate-art-318223&j=bq:US:175f4133-651f-4e77-a941-46b816a5d728&page=queryresults

BigQuery adapter: https://console.cloud.google.com/bigquery?project=elaborate-art-318223&j=bq:US:3650e9df-4c6f-4659-af74-70db9ce84c9a&page=queryresults

  Database Error in model product_popularity (models/marts/product_popularity.sql)
  Syntax error: Expected keyword SELECT but got keyword WITH at [13:1]
  compiled Code at target/dbt_project_dbt_assets-e900b3b-237aeea/run/dbt_project/models/marts/product_popularity.sql

  Database Error in model shipping_patterns (models/marts/shipping_patterns.sql)
  SELECT list expression references column VendorName which is neither grouped nor aggregated at [9:5]
  compiled Code at target/dbt_project_dbt_assets-e900b3b-237aeea/run/dbt_project/models/marts/shipping_patterns.sql

Stack Trace:
  File "/home/blackitalian/miniconda3/envs/oaken/lib/python3.11/site-packages/dagster/_core/execution/plan/execute_plan.py", line 282, in dagster_event_sequence_for_step
    for step_event in check.generator(step_events):
  File "/home/blackitalian/miniconda3/envs/oaken/lib/python3.11/site-packages/dagster/_core/execution/plan/execute_step.py", line 521, in core_dagster_event_sequence_for_step
    for user_event in _step_output_error_checked_user_event_sequence(
  File "/home/blackitalian/miniconda3/envs/oaken/lib/python3.11/site-packages/dagster/_core/execution/plan/execute_step.py", line 202, in _step_output_error_checked_user_event_sequence
    for user_event in user_event_sequence:
  File "/home/blackitalian/miniconda3/envs/oaken/lib/python3.11/site-packages/dagster/_core/execution/plan/execute_step.py", line 100, in _process_asset_results_to_events
    for user_event in user_event_sequence:
  File "/home/blackitalian/miniconda3/envs/oaken/lib/python3.11/site-packages/dagster/_core/execution/plan/compute.py", line 208, in execute_core_compute
    for step_output in _yield_compute_results(step_context, inputs, compute_fn, compute_context):
  File "/home/blackitalian/miniconda3/envs/oaken/lib/python3.11/site-packages/dagster/_core/execution/plan/compute.py", line 177, in _yield_compute_results
    for event in iterate_with_context(
  File "/home/blackitalian/miniconda3/envs/oaken/lib/python3.11/site-packages/dagster/_utils/__init__.py", line 464, in iterate_with_context
    next_output = next(iterator)
                  ^^^^^^^^^^^^^^
  File "/home/blackitalian/ds_projects/oaken-spirits/src/production/analytics/orchestration/orchestration/assets.py", line 10, in dbt_project_dbt_assets
    yield from dbt.cli(["build"], context=context).stream()
  File "/home/blackitalian/miniconda3/envs/oaken/lib/python3.11/site-packages/dagster_dbt/core/resources_v2.py", line 635, in stream
    for event in self.stream_raw_events():
  File "/home/blackitalian/miniconda3/envs/oaken/lib/python3.11/site-packages/dagster_dbt/core/resources_v2.py", line 696, in stream_raw_events
    self._raise_on_error()
  File "/home/blackitalian/miniconda3/envs/oaken/lib/python3.11/site-packages/dagster_dbt/core/resources_v2.py", line 786, in _raise_on_error
    raise DagsterDbtCliRuntimeError(
[0m
