Running with dbt=1.7.11
Registered adapter: bigquery=1.7.7
Found 7 models, 5 sources, 0 exposures, 0 metrics, 454 macros, 0 groups, 0 semantic models

Concurrency: 1 threads (target='dev')

1 of 7 START sql view model oaken_transformed.stg_category ..................... [RUN]
1 of 7 OK created sql view model oaken_transformed.stg_category ................ [[32mCREATE VIEW (0 processed)[0m in 1.19s]
2 of 7 START sql view model oaken_transformed.stg_customer ..................... [RUN]
2 of 7 OK created sql view model oaken_transformed.stg_customer ................ [[32mCREATE VIEW (0 processed)[0m in 1.01s]
3 of 7 START sql view model oaken_transformed.stg_product ...................... [RUN]
3 of 7 OK created sql view model oaken_transformed.stg_product ................. [[32mCREATE VIEW (0 processed)[0m in 1.11s]
4 of 7 START sql view model oaken_transformed.stg_sales ........................ [RUN]
4 of 7 OK created sql view model oaken_transformed.stg_sales ................... [[32mCREATE VIEW (0 processed)[0m in 0.94s]
5 of 7 START sql view model oaken_transformed.stg_vendor ....................... [RUN]
5 of 7 OK created sql view model oaken_transformed.stg_vendor .................. [[32mCREATE VIEW (0 processed)[0m in 1.01s]
6 of 7 START sql view model oaken_transformed.product_popularity ............... [RUN]
BigQuery adapter: https://console.cloud.google.com/bigquery?project=elaborate-art-318223&j=bq:US:175f4133-651f-4e77-a941-46b816a5d728&page=queryresults
6 of 7 ERROR creating sql view model oaken_transformed.product_popularity ...... [[31mERROR[0m in 0.80s]
7 of 7 START sql view model oaken_transformed.shipping_patterns ................ [RUN]
BigQuery adapter: https://console.cloud.google.com/bigquery?project=elaborate-art-318223&j=bq:US:3650e9df-4c6f-4659-af74-70db9ce84c9a&page=queryresults
7 of 7 ERROR creating sql view model oaken_transformed.shipping_patterns ....... [[31mERROR[0m in 1.64s]

Finished running 7 view models in 0 hours 0 minutes and 8.61 seconds (8.61s).

[31mCompleted with 2 errors and 0 warnings:[0m

  Database Error in model product_popularity (models/marts/product_popularity.sql)
  Syntax error: Expected keyword SELECT but got keyword WITH at [13:1]
  compiled Code at target/dbt_project_dbt_assets-e900b3b-237aeea/run/dbt_project/models/marts/product_popularity.sql

  Database Error in model shipping_patterns (models/marts/shipping_patterns.sql)
  SELECT list expression references column VendorName which is neither grouped nor aggregated at [9:5]
  compiled Code at target/dbt_project_dbt_assets-e900b3b-237aeea/run/dbt_project/models/marts/shipping_patterns.sql

Done. PASS=5 WARN=0 ERROR=2 SKIP=0 TOTAL=7
