Running with dbt=1.7.11
Registered adapter: bigquery=1.7.7
Found 7 models, 5 sources, 0 exposures, 0 metrics, 454 macros, 0 groups, 0 semantic models

Concurrency: 1 threads (target='dev')

1 of 7 START sql view model oaken_transformed.stg_category ..................... [RUN]
1 of 7 OK created sql view model oaken_transformed.stg_category ................ [[32mCREATE VIEW (0 processed)[0m in 1.01s]
2 of 7 START sql view model oaken_transformed.stg_customer ..................... [RUN]
BigQuery adapter: https://console.cloud.google.com/bigquery?project=elaborate-art-318223&j=bq:US:d59610d7-b0d2-4b9b-8d9d-27996b7d7fbc&page=queryresults
2 of 7 ERROR creating sql view model oaken_transformed.stg_customer ............ [[31mERROR[0m in 2.53s]
3 of 7 START sql view model oaken_transformed.stg_product ...................... [RUN]
3 of 7 OK created sql view model oaken_transformed.stg_product ................. [[32mCREATE VIEW (0 processed)[0m in 1.06s]
4 of 7 START sql view model oaken_transformed.stg_sales ........................ [RUN]
BigQuery adapter: https://console.cloud.google.com/bigquery?project=elaborate-art-318223&j=bq:US:0232d53e-cda5-40af-8678-e9a59d71f8ec&page=queryresults
4 of 7 ERROR creating sql view model oaken_transformed.stg_sales ............... [[31mERROR[0m in 1.88s]
5 of 7 START sql view model oaken_transformed.stg_vendor ....................... [RUN]
5 of 7 OK created sql view model oaken_transformed.stg_vendor .................. [[32mCREATE VIEW (0 processed)[0m in 1.18s]
6 of 7 SKIP relation oaken_transformed.product_popularity ...................... [[33mSKIP[0m]
7 of 7 SKIP relation oaken_transformed.shipping_patterns ....................... [[33mSKIP[0m]

Finished running 7 view models in 0 hours 0 minutes and 8.66 seconds (8.66s).

[31mCompleted with 2 errors and 0 warnings:[0m

  Database Error in model stg_customer (models/staging/stg_customer.sql)
  Unrecognized name: customers; Did you mean customer? at [7:5]
  compiled Code at target/dbt_project_dbt_assets-7b6f911-9cd859a/run/dbt_project/models/staging/stg_customer.sql

  Database Error in model stg_sales (models/staging/stg_sales.sql)
  Unrecognized name: SalesDate; Did you mean SaleDate? at [10:5]
  compiled Code at target/dbt_project_dbt_assets-7b6f911-9cd859a/run/dbt_project/models/staging/stg_sales.sql

Done. PASS=3 WARN=0 ERROR=2 SKIP=2 TOTAL=7
