[32m2024-04-18 11:26:55 -0400[0m - dagster - [34mDEBUG[0m - __ASSET_JOB - 8fdf173a-1599-48c8-af55-cbdef41e5001 - 35903 - LOGS_CAPTURED - Started capturing logs in process (pid: 35903).
[32m2024-04-18 11:26:55 -0400[0m - dagster - [34mDEBUG[0m - __ASSET_JOB - 8fdf173a-1599-48c8-af55-cbdef41e5001 - 35903 - dbt_project_dbt_assets - STEP_START - Started execution of step "dbt_project_dbt_assets".
[32m2024-04-18 11:26:55 -0400[0m - dagster - [34mINFO[0m - __ASSET_JOB - 8fdf173a-1599-48c8-af55-cbdef41e5001 - dbt_project_dbt_assets - A dbt subsetted execution is not being performed. Using the default dbt selection arguments `['--select', 'fqn:*']`.
[32m2024-04-18 11:26:55 -0400[0m - dagster - [34mINFO[0m - __ASSET_JOB - 8fdf173a-1599-48c8-af55-cbdef41e5001 - dbt_project_dbt_assets - Copying `/home/blackitalian/ds_projects/oaken-spirits/src/production/analytics/dbt_project/target/partial_parse.msgpack` to `/home/blackitalian/ds_projects/oaken-spirits/src/production/analytics/dbt_project/target/dbt_project_dbt_assets-8fdf173-e0d93dc/partial_parse.msgpack` to take advantage of partial parsing.
[32m2024-04-18 11:26:55 -0400[0m - dagster - [34mINFO[0m - __ASSET_JOB - 8fdf173a-1599-48c8-af55-cbdef41e5001 - dbt_project_dbt_assets - Running dbt command: `dbt build --select fqn:*`.
[32m2024-04-18 11:26:59 -0400[0m - dagster - [34mDEBUG[0m - __ASSET_JOB - 8fdf173a-1599-48c8-af55-cbdef41e5001 - 35903 - dbt_project_dbt_assets - STEP_OUTPUT - Yielded output "model_dbt_project_stg_category" of type "Nothing". (Type check passed).
[32m2024-04-18 11:27:00 -0400[0m - dagster - [34mDEBUG[0m - __ASSET_JOB - 8fdf173a-1599-48c8-af55-cbdef41e5001 - 35903 - dbt_project_dbt_assets - ASSET_MATERIALIZATION - Materialized value stg_category.
[32m2024-04-18 11:27:01 -0400[0m - dagster - [34mDEBUG[0m - __ASSET_JOB - 8fdf173a-1599-48c8-af55-cbdef41e5001 - 35903 - dbt_project_dbt_assets - STEP_OUTPUT - Yielded output "model_dbt_project_stg_customer" of type "Nothing". (Type check passed).
[32m2024-04-18 11:27:01 -0400[0m - dagster - [34mDEBUG[0m - __ASSET_JOB - 8fdf173a-1599-48c8-af55-cbdef41e5001 - 35903 - dbt_project_dbt_assets - ASSET_MATERIALIZATION - Materialized value stg_customer.
[32m2024-04-18 11:27:02 -0400[0m - dagster - [34mDEBUG[0m - __ASSET_JOB - 8fdf173a-1599-48c8-af55-cbdef41e5001 - 35903 - dbt_project_dbt_assets - STEP_OUTPUT - Yielded output "model_dbt_project_stg_product" of type "Nothing". (Type check passed).
[32m2024-04-18 11:27:02 -0400[0m - dagster - [34mDEBUG[0m - __ASSET_JOB - 8fdf173a-1599-48c8-af55-cbdef41e5001 - 35903 - dbt_project_dbt_assets - ASSET_MATERIALIZATION - Materialized value stg_product.
[32m2024-04-18 11:27:02 -0400[0m - dagster - [34mDEBUG[0m - __ASSET_JOB - 8fdf173a-1599-48c8-af55-cbdef41e5001 - 35903 - dbt_project_dbt_assets - STEP_OUTPUT - Yielded output "model_dbt_project_stg_sales" of type "Nothing". (Type check passed).
[32m2024-04-18 11:27:03 -0400[0m - dagster - [34mDEBUG[0m - __ASSET_JOB - 8fdf173a-1599-48c8-af55-cbdef41e5001 - 35903 - dbt_project_dbt_assets - ASSET_MATERIALIZATION - Materialized value stg_sales.
[32m2024-04-18 11:27:03 -0400[0m - dagster - [34mDEBUG[0m - __ASSET_JOB - 8fdf173a-1599-48c8-af55-cbdef41e5001 - 35903 - dbt_project_dbt_assets - STEP_OUTPUT - Yielded output "model_dbt_project_stg_vendor" of type "Nothing". (Type check passed).
[32m2024-04-18 11:27:04 -0400[0m - dagster - [34mDEBUG[0m - __ASSET_JOB - 8fdf173a-1599-48c8-af55-cbdef41e5001 - 35903 - dbt_project_dbt_assets - ASSET_MATERIALIZATION - Materialized value stg_vendor.
[32m2024-04-18 11:27:05 -0400[0m - dagster - [34mDEBUG[0m - __ASSET_JOB - 8fdf173a-1599-48c8-af55-cbdef41e5001 - 35903 - dbt_project_dbt_assets - STEP_OUTPUT - Yielded output "model_dbt_project_product_popularity" of type "Nothing". (Type check passed).
[32m2024-04-18 11:27:05 -0400[0m - dagster - [34mDEBUG[0m - __ASSET_JOB - 8fdf173a-1599-48c8-af55-cbdef41e5001 - 35903 - dbt_project_dbt_assets - ASSET_MATERIALIZATION - Materialized value product_popularity.
[32m2024-04-18 11:27:06 -0400[0m - dagster - [34mDEBUG[0m - __ASSET_JOB - 8fdf173a-1599-48c8-af55-cbdef41e5001 - 35903 - dbt_project_dbt_assets - STEP_OUTPUT - Yielded output "model_dbt_project_sales_forecast_historical" of type "Nothing". (Type check passed).
[32m2024-04-18 11:27:06 -0400[0m - dagster - [34mDEBUG[0m - __ASSET_JOB - 8fdf173a-1599-48c8-af55-cbdef41e5001 - 35903 - dbt_project_dbt_assets - ASSET_MATERIALIZATION - Materialized value sales_forecast_historical.
[32m2024-04-18 11:27:07 -0400[0m - dagster - [34mDEBUG[0m - __ASSET_JOB - 8fdf173a-1599-48c8-af55-cbdef41e5001 - 35903 - dbt_project_dbt_assets - STEP_OUTPUT - Yielded output "model_dbt_project_top_ten_categories" of type "Nothing". (Type check passed).
[32m2024-04-18 11:27:07 -0400[0m - dagster - [34mDEBUG[0m - __ASSET_JOB - 8fdf173a-1599-48c8-af55-cbdef41e5001 - 35903 - dbt_project_dbt_assets - ASSET_MATERIALIZATION - Materialized value top_ten_categories.
[32m2024-04-18 11:27:08 -0400[0m - dagster - [34mDEBUG[0m - __ASSET_JOB - 8fdf173a-1599-48c8-af55-cbdef41e5001 - 35903 - dbt_project_dbt_assets - STEP_OUTPUT - Yielded output "model_dbt_project_top_ten_items" of type "Nothing". (Type check passed).
[32m2024-04-18 11:27:08 -0400[0m - dagster - [34mDEBUG[0m - __ASSET_JOB - 8fdf173a-1599-48c8-af55-cbdef41e5001 - 35903 - dbt_project_dbt_assets - ASSET_MATERIALIZATION - Materialized value top_ten_items.
[32m2024-04-18 11:27:18 -0400[0m - dagster - [34mDEBUG[0m - __ASSET_JOB - 8fdf173a-1599-48c8-af55-cbdef41e5001 - 35903 - dbt_project_dbt_assets - STEP_OUTPUT - Yielded output "model_dbt_project_full_sales" of type "Nothing". (Type check passed).
[32m2024-04-18 11:27:19 -0400[0m - dagster - [34mDEBUG[0m - __ASSET_JOB - 8fdf173a-1599-48c8-af55-cbdef41e5001 - 35903 - dbt_project_dbt_assets - ASSET_MATERIALIZATION - Materialized value full_sales.
[32m2024-04-18 11:27:19 -0400[0m - dagster - [34mDEBUG[0m - __ASSET_JOB - 8fdf173a-1599-48c8-af55-cbdef41e5001 - 35903 - dbt_project_dbt_assets - STEP_OUTPUT - Yielded output "model_dbt_project_shipping_patterns" of type "Nothing". (Type check passed).
[32m2024-04-18 11:27:20 -0400[0m - dagster - [34mDEBUG[0m - __ASSET_JOB - 8fdf173a-1599-48c8-af55-cbdef41e5001 - 35903 - dbt_project_dbt_assets - ASSET_MATERIALIZATION - Materialized value shipping_patterns.
[32m2024-04-18 11:27:20 -0400[0m - dagster - [34mINFO[0m - __ASSET_JOB - 8fdf173a-1599-48c8-af55-cbdef41e5001 - dbt_project_dbt_assets - Finished dbt command: `dbt build --select fqn:*`.
[32m2024-04-18 11:27:20 -0400[0m - dagster - [34mDEBUG[0m - __ASSET_JOB - 8fdf173a-1599-48c8-af55-cbdef41e5001 - 35903 - dbt_project_dbt_assets - STEP_SUCCESS - Finished execution of step "dbt_project_dbt_assets" in 24.68s.
