[32m2024-04-08 11:31:58 -0400[0m - dagster - [34mDEBUG[0m - __ASSET_JOB - 313ca23a-b32c-408c-a8ef-a552b4b6c887 - 1291605 - LOGS_CAPTURED - Started capturing logs in process (pid: 1291605).
[32m2024-04-08 11:31:58 -0400[0m - dagster - [34mDEBUG[0m - __ASSET_JOB - 313ca23a-b32c-408c-a8ef-a552b4b6c887 - 1291605 - dbt_project_dbt_assets - STEP_START - Started execution of step "dbt_project_dbt_assets".
[32m2024-04-08 11:31:58 -0400[0m - dagster - [34mINFO[0m - __ASSET_JOB - 313ca23a-b32c-408c-a8ef-a552b4b6c887 - dbt_project_dbt_assets - A dbt subsetted execution is being performed. Overriding default dbt selection arguments `['--select', 'fqn:*']` with arguments: `['fqn:dbt_project.marts.product_popularity', 'fqn:dbt_project.marts.shipping_patterns']`. 
[32m2024-04-08 11:31:58 -0400[0m - dagster - [34mINFO[0m - __ASSET_JOB - 313ca23a-b32c-408c-a8ef-a552b4b6c887 - dbt_project_dbt_assets - Copying `/home/blackitalian/ds_projects/oaken-spirits/src/production/analytics/dbt_project/target/partial_parse.msgpack` to `/home/blackitalian/ds_projects/oaken-spirits/src/production/analytics/dbt_project/target/dbt_project_dbt_assets-313ca23-8a62ed2/partial_parse.msgpack` to take advantage of partial parsing.
[32m2024-04-08 11:31:58 -0400[0m - dagster - [34mINFO[0m - __ASSET_JOB - 313ca23a-b32c-408c-a8ef-a552b4b6c887 - dbt_project_dbt_assets - Running dbt command: `dbt build --select fqn:dbt_project.marts.product_popularity fqn:dbt_project.marts.shipping_patterns`.
[32m2024-04-08 11:32:06 -0400[0m - dagster - [34mINFO[0m - __ASSET_JOB - 313ca23a-b32c-408c-a8ef-a552b4b6c887 - dbt_project_dbt_assets - Finished dbt command: `dbt build --select fqn:dbt_project.marts.product_popularity fqn:dbt_project.marts.shipping_patterns`.
[32m2024-04-08 11:32:07 -0400[0m - dagster - [34mERROR[0m - [31m__ASSET_JOB - 313ca23a-b32c-408c-a8ef-a552b4b6c887 - 1291605 - dbt_project_dbt_assets - STEP_FAILURE - Execution of step "dbt_project_dbt_assets" failed.

dagster_dbt.errors.DagsterDbtCliRuntimeError: The dbt CLI process with command

`dbt build --select fqn:dbt_project.marts.product_popularity fqn:dbt_project.marts.shipping_patterns`

failed with exit code `1`. Check the stdout in the Dagster compute logs for the full information about the error, or view the dbt debug log: /home/blackitalian/ds_projects/oaken-spirits/src/production/analytics/dbt_project/target/dbt_project_dbt_assets-313ca23-8a62ed2/dbt.log.

Errors parsed from dbt logs:

BigQuery adapter: https://console.cloud.google.com/bigquery?project=elaborate-art-318223&j=bq:US:dba9b92b-16bf-406b-b3b7-b78d65fa5428&page=queryresults

BigQuery adapter: https://console.cloud.google.com/bigquery?project=elaborate-art-318223&j=bq:US:1e39ef94-3d45-4fb9-840c-46434a38a505&page=queryresults

  Database Error in model product_popularity (models/marts/product_popularity.sql)
  SELECT list expression references column ItemNumber which is neither grouped nor aggregated at [8:5]
  compiled Code at target/dbt_project_dbt_assets-313ca23-8a62ed2/run/dbt_project/models/marts/product_popularity.sql

  Database Error in model shipping_patterns (models/marts/shipping_patterns.sql)
  Name StoreNumber not found inside s at [37:27]
  compiled Code at target/dbt_project_dbt_assets-313ca23-8a62ed2/run/dbt_project/models/marts/shipping_patterns.sql

Stack Trace:
  File "/home/blackitalian/miniconda3/envs/oaken/lib/python3.11/site-packages/dagster/_core/execution/plan/execute_plan.py", line 282, in dagster_event_sequence_for_step
    for step_event in check.generator(step_events):
  File "/home/blackitalian/miniconda3/envs/oaken/lib/python3.11/site-packages/dagster/_core/execution/plan/execute_step.py", line 521, in core_dagster_event_sequence_for_step
    for user_event in _step_output_error_checked_user_event_sequence(
  File "/home/blackitalian/miniconda3/envs/oaken/lib/python3.11/site-packages/dagster/_core/execution/plan/execute_step.py", line 202, in _step_output_error_checked_user_event_sequence
    for user_event in user_event_sequence:
  File "/home/blackitalian/miniconda3/envs/oaken/lib/python3.11/site-packages/dagster/_core/execution/plan/execute_step.py", line 100, in _process_asset_results_to_events
    for user_event in user_event_sequence:
  File "/home/blackitalian/miniconda3/envs/oaken/lib/python3.11/site-packages/dagster/_core/execution/plan/compute.py", line 208, in execute_core_compute
    for step_output in _yield_compute_results(step_context, inputs, compute_fn, compute_context):
  File "/home/blackitalian/miniconda3/envs/oaken/lib/python3.11/site-packages/dagster/_core/execution/plan/compute.py", line 177, in _yield_compute_results
    for event in iterate_with_context(
  File "/home/blackitalian/miniconda3/envs/oaken/lib/python3.11/site-packages/dagster/_utils/__init__.py", line 464, in iterate_with_context
    next_output = next(iterator)
                  ^^^^^^^^^^^^^^
  File "/home/blackitalian/ds_projects/oaken-spirits/src/production/analytics/orchestration/orchestration/assets.py", line 10, in dbt_project_dbt_assets
    yield from dbt.cli(["build"], context=context).stream()
  File "/home/blackitalian/miniconda3/envs/oaken/lib/python3.11/site-packages/dagster_dbt/core/resources_v2.py", line 635, in stream
    for event in self.stream_raw_events():
  File "/home/blackitalian/miniconda3/envs/oaken/lib/python3.11/site-packages/dagster_dbt/core/resources_v2.py", line 696, in stream_raw_events
    self._raise_on_error()
  File "/home/blackitalian/miniconda3/envs/oaken/lib/python3.11/site-packages/dagster_dbt/core/resources_v2.py", line 786, in _raise_on_error
    raise DagsterDbtCliRuntimeError(
[0m
